#
# A fatal error has been detected by the Java Runtime Environment:
#
#  EXCEPTION_ACCESS_VIOLATION (0xc0000005) at pc=0x1e16cd46, pid=4632, tid=3336
#
# JRE version: 6.0_35-b10
# Java VM: Java HotSpot(TM) Client VM (20.10-b01 mixed mode windows-x86 )
# Problematic frame:
# C  [atioglxx.dll+0x11dcd46]
#
# If you would like to submit a bug report, please visit:
#   http://java.sun.com/webapps/bugreport/crash.jsp
# The crash happened outside the Java Virtual Machine in native code.
# See problematic frame for where to report the bug.
#

---------------  T H R E A D  ---------------

Current thread (0x1e69c400):  JavaThread "Thread-127" [_thread_in_native, id=3336, stack(0x1cda0000,0x1cdf0000)]

siginfo: ExceptionCode=0xc0000005, reading address 0x000009f4

Registers:
EAX=0x00000000, EBX=0x14d66c80, ECX=0x1e69c528, EDX=0x14f08f18
ESP=0x1cdefa9c, EBP=0x1cdefab8, ESI=0x14d66c80, EDI=0x1e69c400
EIP=0x1e16cd46, EFLAGS=0x00010206

Top of Stack: (sp=0x1cdefa9c)
0x1cdefa9c:   6450b147 00000de1 00000000 00000000
0x1cdefaac:   00000000 05527bc8 00001401 1cdefafc
0x1cdefabc:   024e9fc7 1e69c528 1cdefb18 00000de1
0x1cdefacc:   1e16cd40 00000000 0a191ea8 1cdefad8
0x1cdefadc:   1cdefadc 00000000 1cdefb18 14f08f18
0x1cdefaec:   00000000 14d66c80 00000000 1cdefb0c
0x1cdefafc:   1cdefb3c 024e2e21 00000000 024e82e9
0x1cdefb0c:   1e16cd40 00000000 00000de1 0a191ea8 

Instructions: (pc=0x1e16cd46)
0x1e16cd26:   00 00 8d a4 24 00 00 00 00 8d a4 24 00 00 00 00
0x1e16cd36:   8d a4 24 00 00 00 00 8d 49 00 64 a1 f4 0e 00 00
0x1e16cd46:   ff a0 f4 09 00 00 8d a4 24 00 00 00 00 8d a4 24
0x1e16cd56:   00 00 00 00 8d a4 24 00 00 00 00 8d a4 24 00 00 


Register to memory mapping:

EAX=0x00000000 is an unknown value
EBX=0x14d66c80 is an oop
{method} 
 - klass: {other class}
ECX=0x1e69c528 is an unknown value
EDX=0x14f08f18 is an oop
{constant pool cache} 
 - klass: {other class}
ESP=0x1cdefa9c is pointing into the stack for thread: 0x1e69c400
EBP=0x1cdefab8 is pointing into the stack for thread: 0x1e69c400
ESI=0x14d66c80 is an oop
{method} 
 - klass: {other class}
EDI=0x1e69c400 is a thread


Stack: [0x1cda0000,0x1cdf0000],  sp=0x1cdefa9c,  free space=318k
Native frames: (J=compiled Java code, j=interpreted, Vv=VM code, C=native code)
C  [atioglxx.dll+0x11dcd46]  atiPS+0x9554f6
j  jogamp.opengl.gl4.GL4bcImpl.dispatch_glGenerateMipmap1(IJ)V+0
j  jogamp.opengl.gl4.GL4bcImpl.glGenerateMipmap(I)V+34
j  processing.opengl.PGL.generateMipmap(I)V+5
j  processing.opengl.Texture.set([IIIIII)V+183
J  processing.opengl.PGraphicsOpenGL.initCache(Lprocessing/core/PImage;)Ljava/lang/Object;
j  processing.core.PImage.blend(Lprocessing/core/PImage;IIIIIIIII)V+27
j  com.modestmaps.InteractiveMap$TileLoader.run()V+86
j  java.lang.Thread.run()V+11
v  ~StubRoutines::call_stub
V  [jvm.dll+0xfb05b]
V  [jvm.dll+0x18c901]
V  [jvm.dll+0xfb201]
V  [jvm.dll+0xfb25b]
V  [jvm.dll+0xb5619]
V  [jvm.dll+0x119334]
V  [jvm.dll+0x14158c]
C  [msvcr71.dll+0x9565]  endthreadex+0xa0
C  [kernel32.dll+0x1339a]  BaseThreadInitThunk+0x12
C  [ntdll.dll+0x39ef2]  RtlInitializeExceptionChain+0x63
C  [ntdll.dll+0x39ec5]  RtlInitializeExceptionChain+0x36

Java frames: (J=compiled Java code, j=interpreted, Vv=VM code)
j  jogamp.opengl.gl4.GL4bcImpl.dispatch_glGenerateMipmap1(IJ)V+0
j  jogamp.opengl.gl4.GL4bcImpl.glGenerateMipmap(I)V+34
j  processing.opengl.PGL.generateMipmap(I)V+5
j  processing.opengl.Texture.set([IIIIII)V+183
J  processing.opengl.PGraphicsOpenGL.initCache(Lprocessing/core/PImage;)Ljava/lang/Object;
j  processing.core.PImage.loadPixels()V+55
j  processing.core.PImage.blend(Lprocessing/core/PImage;IIIIIIIII)V+27
j  com.modestmaps.InteractiveMap$TileLoader.run()V+86
j  java.lang.Thread.run()V+11
v  ~StubRoutines::call_stub

---------------  P R O C E S S  ---------------

Java Threads: ( => current thread )
  0x1e699c00 JavaThread "Thread-129" [_thread_in_native, id=1980, stack(0x211e0000,0x21230000)]
  0x1e69c800 JavaThread "Thread-128" [_thread_in_native, id=5096, stack(0x1ce30000,0x1ce80000)]
=>0x1e69c400 JavaThread "Thread-127" [_thread_in_native, id=3336, stack(0x1cda0000,0x1cdf0000)]
  0x1e69bc00 JavaThread "Thread-126" [_thread_in_native, id=3000, stack(0x1cd00000,0x1cd50000)]
  0x1e69b800 JavaThread "Image Fetcher 3" daemon [_thread_blocked, id=3712, stack(0x21470000,0x214c0000)]
  0x1e69b000 JavaThread "Image Fetcher 2" daemon [_thread_blocked, id=2956, stack(0x20190000,0x201e0000)]
  0x1e69a800 JavaThread "Image Fetcher 1" daemon [_thread_blocked, id=5056, stack(0x20000000,0x20050000)]
  0x1e69a400 JavaThread "Keep-Alive-Timer" daemon [_thread_blocked, id=4260, stack(0x1ff70000,0x1ffc0000)]
  0x18af2400 JavaThread "Animation Thread-SharedResourceRunner" daemon [_thread_blocked, id=1616, stack(0x1c800000,0x1c850000)]
  0x003b9000 JavaThread "DestroyJavaVM" [_thread_blocked, id=1920, stack(0x001f0000,0x00240000)]
  0x18ae0c00 JavaThread "D3D Screen Updater" daemon [_thread_blocked, id=4204, stack(0x1c2f0000,0x1c340000)]
  0x18aa4000 JavaThread "Animation Thread" [_thread_blocked, id=3652, stack(0x1c1d0000,0x1c220000)]
  0x18a88400 JavaThread "Image Fetcher 0" daemon [_thread_blocked, id=2816, stack(0x1b7c0000,0x1b810000)]
  0x18a84c00 JavaThread "AWT-EventQueue-0" [_thread_blocked, id=4088, stack(0x1b070000,0x1b0c0000)]
  0x18a6d800 JavaThread "AWT-Windows" daemon [_thread_in_native, id=4848, stack(0x18f90000,0x18fe0000)]
  0x18a6d000 JavaThread "AWT-Shutdown" [_thread_blocked, id=4172, stack(0x18f00000,0x18f50000)]
  0x18a69c00 JavaThread "Java2D Disposer" daemon [_thread_blocked, id=4516, stack(0x18d00000,0x18d50000)]
  0x024ac800 JavaThread "Low Memory Detector" daemon [_thread_blocked, id=1016, stack(0x188f0000,0x18940000)]
  0x0249d400 JavaThread "C1 CompilerThread0" daemon [_thread_blocked, id=2964, stack(0x18860000,0x188b0000)]
  0x0249c000 JavaThread "Attach Listener" daemon [_thread_blocked, id=3672, stack(0x187d0000,0x18820000)]
  0x02499000 JavaThread "Signal Dispatcher" daemon [_thread_blocked, id=4992, stack(0x18740000,0x18790000)]
  0x0246c000 JavaThread "Finalizer" daemon [_thread_blocked, id=4960, stack(0x186b0000,0x18700000)]
  0x0246a800 JavaThread "Reference Handler" daemon [_thread_blocked, id=4880, stack(0x18620000,0x18670000)]

Other Threads:
  0x02466800 VMThread [stack: 0x18590000,0x185e0000] [id=4464]
  0x024ae000 WatcherThread [stack: 0x18980000,0x189d0000] [id=1992]

VM state:not at safepoint (normal execution)

VM Mutex/Monitor currently owned by a thread: None

Heap
 def new generation   total 23488K, used 12836K [0x044e0000, 0x05e50000, 0x09a30000)
  eden space 20928K,  49% used [0x044e0000, 0x04f14e48, 0x05950000)
  from space 2560K,  93% used [0x05950000, 0x05ba44a8, 0x05bd0000)
  to   space 2560K,   0% used [0x05bd0000, 0x05bd0000, 0x05e50000)
 tenured generation   total 51988K, used 40347K [0x09a30000, 0x0ccf5000, 0x144e0000)
   the space 51988K,  77% used [0x09a30000, 0x0c196ee8, 0x0c197000, 0x0ccf5000)
 compacting perm gen  total 12288K, used 12153K [0x144e0000, 0x150e0000, 0x184e0000)
   the space 12288K,  98% used [0x144e0000, 0x150be6d8, 0x150be800, 0x150e0000)
No shared spaces configured.

Code Cache  [0x024e0000, 0x02680000, 0x044e0000)
 total_blobs=1031 nmethods=627 adapters=340 free_code_cache=31873344 largest_free_block=0

Dynamic libraries:
0x00400000 - 0x00425000 	C:\Program Files (x86)\Java\jre6\bin\javaw.exe
0x77800000 - 0x77980000 	C:\Windows\SysWOW64\ntdll.dll
0x75480000 - 0x75590000 	C:\Windows\syswow64\kernel32.dll
0x769e0000 - 0x76a26000 	C:\Windows\syswow64\KERNELBASE.dll
0x766e0000 - 0x76780000 	C:\Windows\syswow64\ADVAPI32.dll
0x75060000 - 0x7510c000 	C:\Windows\syswow64\msvcrt.dll
0x752c0000 - 0x752d9000 	C:\Windows\SysWOW64\sechost.dll
0x76810000 - 0x76900000 	C:\Windows\syswow64\RPCRT4.dll
0x74ee0000 - 0x74f40000 	C:\Windows\syswow64\SspiCli.dll
0x74ed0000 - 0x74edc000 	C:\Windows\syswow64\CRYPTBASE.dll
0x75110000 - 0x75210000 	C:\Windows\syswow64\USER32.dll
0x76780000 - 0x76810000 	C:\Windows\syswow64\GDI32.dll
0x75930000 - 0x7593a000 	C:\Windows\syswow64\LPK.dll
0x75890000 - 0x7592d000 	C:\Windows\syswow64\USP10.dll
0x76a30000 - 0x76a90000 	C:\Windows\system32\IMM32.DLL
0x756f0000 - 0x757bc000 	C:\Windows\syswow64\MSCTF.dll
0x7c340000 - 0x7c396000 	C:\Program Files (x86)\Java\jre6\bin\msvcr71.dll
0x6d7f0000 - 0x6da9f000 	C:\Program Files (x86)\Java\jre6\bin\client\jvm.dll
0x72830000 - 0x72862000 	C:\Windows\system32\WINMM.dll
0x728f0000 - 0x7293c000 	C:\Windows\system32\apphelp.dll
0x6d7a0000 - 0x6d7ac000 	C:\Program Files (x86)\Java\jre6\bin\verify.dll
0x6d320000 - 0x6d33f000 	C:\Program Files (x86)\Java\jre6\bin\java.dll
0x6d7e0000 - 0x6d7ef000 	C:\Program Files (x86)\Java\jre6\bin\zip.dll
0x6d000000 - 0x6d14c000 	C:\Program Files (x86)\Java\jre6\bin\awt.dll
0x71ab0000 - 0x71b01000 	C:\Windows\system32\WINSPOOL.DRV
0x75590000 - 0x756ec000 	C:\Windows\syswow64\ole32.dll
0x72640000 - 0x727de000 	C:\Windows\WinSxS\x86_microsoft.windows.common-controls_6595b64144ccf1df_6.0.7601.17514_none_41e6975e2bd6f2b2\COMCTL32.dll
0x76900000 - 0x76957000 	C:\Windows\syswow64\SHLWAPI.dll
0x71e90000 - 0x71ea3000 	C:\Windows\system32\DWMAPI.DLL
0x72870000 - 0x728f0000 	C:\Windows\system32\uxtheme.dll
0x6d230000 - 0x6d27f000 	C:\Program Files (x86)\Java\jre6\bin\fontmanager.dll
0x69f40000 - 0x6a103000 	C:\Windows\system32\d3d9.dll
0x73360000 - 0x73369000 	C:\Windows\system32\VERSION.dll
0x6b8a0000 - 0x6b8a6000 	C:\Windows\system32\d3d8thk.dll
0x6bf90000 - 0x6c053000 	C:\Windows\system32\aticfx32.dll
0x74140000 - 0x7414b000 	C:\Windows\system32\atiu9pag.dll
0x66c80000 - 0x6721d000 	C:\Windows\system32\atiumdag.dll
0x673b0000 - 0x677bb000 	C:\Windows\system32\atiumdva.dll
0x76590000 - 0x76613000 	C:\Windows\syswow64\CLBCatQ.DLL
0x76620000 - 0x766af000 	C:\Windows\syswow64\OLEAUT32.dll
0x73340000 - 0x73356000 	C:\Windows\system32\CRYPTSP.dll
0x732f0000 - 0x7332b000 	C:\Windows\system32\rsaenh.dll
0x73380000 - 0x73397000 	C:\Windows\system32\USERENV.dll
0x73370000 - 0x7337b000 	C:\Windows\system32\profapi.dll
0x6d600000 - 0x6d613000 	C:\Program Files (x86)\Java\jre6\bin\net.dll
0x75850000 - 0x75885000 	C:\Windows\syswow64\WS2_32.dll
0x769c0000 - 0x769c6000 	C:\Windows\syswow64\NSI.dll
0x730d0000 - 0x7310c000 	C:\Windows\system32\mswsock.dll
0x730c0000 - 0x730c6000 	C:\Windows\System32\wship6.dll
0x73120000 - 0x73130000 	C:\Windows\system32\NLAapi.dll
0x5b7c0000 - 0x5b7d0000 	C:\Windows\system32\napinsp.dll
0x5b7a0000 - 0x5b7b2000 	C:\Windows\system32\pnrpnsp.dll
0x5b790000 - 0x5b79d000 	C:\Windows\system32\wshbth.dll
0x73510000 - 0x73554000 	C:\Windows\system32\DNSAPI.dll
0x5b780000 - 0x5b788000 	C:\Windows\System32\winrnr.dll
0x730b0000 - 0x730b5000 	C:\Windows\System32\wshtcpip.dll
0x73570000 - 0x7358c000 	C:\Windows\system32\IPHLPAPI.DLL
0x73560000 - 0x73567000 	C:\Windows\system32\WINNSI.DLL
0x73110000 - 0x73116000 	C:\Windows\system32\rasadhlp.dll
0x72940000 - 0x72978000 	C:\Windows\System32\fwpuclnt.dll
0x6d620000 - 0x6d629000 	C:\Program Files (x86)\Java\jre6\bin\nio.dll
0x637c0000 - 0x637ca000 	C:\Users\Eskimo\AppData\Local\Temp\jogamp_0000\file_cache\jln6679953048491988003\jln7403789279427909439\gluegen-rt.dll
0x6d350000 - 0x6d356000 	C:\Program Files (x86)\Java\jre6\bin\jawt.dll
0x6a440000 - 0x6a44a000 	C:\Users\Eskimo\AppData\Local\Temp\jogamp_0000\file_cache\jln6679953048491988003\jln7403789279427909439\nativewindow_awt.dll
0x75940000 - 0x7658a000 	C:\Windows\system32\shell32.dll
0x6c100000 - 0x6c110000 	C:\Users\Eskimo\AppData\Local\Temp\jogamp_0000\file_cache\jln6679953048491988003\jln7403789279427909439\nativewindow_win32.dll
0x71b60000 - 0x71c28000 	C:\Windows\system32\OpenGL32.dll
0x72390000 - 0x723b2000 	C:\Windows\system32\GLU32.dll
0x6fab0000 - 0x6fb97000 	C:\Windows\system32\DDRAW.dll
0x72380000 - 0x72386000 	C:\Windows\system32\DCIMAN32.dll
0x76c60000 - 0x76dfd000 	C:\Windows\syswow64\SETUPAPI.dll
0x75210000 - 0x75237000 	C:\Windows\syswow64\CFGMGR32.dll
0x76f20000 - 0x76f32000 	C:\Windows\syswow64\DEVOBJ.dll
0x64500000 - 0x6456b000 	C:\Users\Eskimo\AppData\Local\Temp\jogamp_0000\file_cache\jln6679953048491988003\jln7403789279427909439\jogl_desktop.dll
0x5ac10000 - 0x5ac17000 	C:\Windows\system32\atiglpxx.dll
0x1cf90000 - 0x1e226000 	C:\Windows\system32\atioglxx.dll
0x5ab50000 - 0x5abae000 	C:\Windows\system32\atiadlxy.dll
0x733a0000 - 0x733ad000 	C:\Windows\system32\WTSAPI32.dll
0x769d0000 - 0x769d5000 	C:\Windows\syswow64\PSAPI.DLL
0x766b0000 - 0x766dd000 	C:\Windows\syswow64\WINTRUST.dll
0x74f40000 - 0x7505e000 	C:\Windows\syswow64\CRYPT32.dll
0x777d0000 - 0x777dc000 	C:\Windows\syswow64\MSASN1.dll
0x5ac00000 - 0x5ac0b000 	C:\Windows\system32\atigktxx.dll
0x6d440000 - 0x6d465000 	C:\Program Files (x86)\Java\jre6\bin\jpeg.dll

VM Arguments:
jvm_args: -Dfile.encoding=Cp1252 
java_command: main.Program
Launcher Type: SUN_STANDARD

Environment Variables:
PATH=C:\Windows\System32
USERNAME=Eskimo
OS=Windows_NT
PROCESSOR_IDENTIFIER=Intel64 Family 6 Model 23 Stepping 6, GenuineIntel



---------------  S Y S T E M  ---------------

OS: Windows 7 , 64 bit Build 7601 Service Pack 1

CPU:total 2 (2 cores per cpu, 1 threads per core) family 6 model 23 stepping 6, cmov, cx8, fxsr, mmx, sse, sse2, sse3, ssse3, sse4.1

Memory: 4k page, physical 4127028k(1097972k free), swap 8252204k(4434624k free)

vm_info: Java HotSpot(TM) Client VM (20.10-b01) for windows-x86 JRE (1.6.0_35-b10), built on Aug 28 2012 17:31:51 by "java_re" with MS VC++ 7.1 (VS2003)

time: Mon Oct 29 01:21:03 2012
elapsed time: 12 seconds

